<?xml version="1.0" encoding="UTF-8"?>
<!-- Generated by org.testng.reporters.JUnitReportReporter -->
<testsuite hostname="ABHINAYA" failures="0" tests="3" name="com.Amazon.mensproducttest.MensproductTest" time="0.011" errors="0" timestamp="2024-08-23T16:35:14 IST" skipped="0">
  <testcase classname="com.Amazon.mensproducttest.MensproductTest" name="deleteproduct" time="0.003"/>
  <system-out>
    <![CDATA[deleteproduct-mens product successfully ]]>
  </system-out>
  <testcase classname="com.Amazon.mensproducttest.MensproductTest" name="updateproduct" time="0.006"/>
  <system-out>
    <![CDATA[updateproduct-mens product successfully ]]>
  </system-out>
  <testcase classname="com.Amazon.mensproducttest.MensproductTest" name="addproduct" time="0.002"/>
  <system-out>
    <![CDATA[addproduct-mens product successfully ]]>
  </system-out>
</testsuite> <!-- com.Amazon.mensproducttest.MensproductTest -->
