<?xml version="1.0" encoding="UTF-8"?>
<!-- Generated by org.testng.reporters.JUnitReportReporter -->
<testsuite hostname="ABHINAYA" failures="0" tests="3" name="com.Amazon.kidsproducttest.kidsproduct6" time="0.004" errors="0" timestamp="2024-08-08T12:32:44 IST" skipped="0">
  <testcase classname="com.Amazon.kidsproducttest.kidsproduct6" name="addproduct" time="0.001"/>
  <system-out>
    <![CDATA[addproduct-kids product successfully ]]>
  </system-out>
  <testcase classname="com.Amazon.kidsproducttest.kidsproduct6" name="deleteproduct" time="0.001"/>
  <system-out>
    <![CDATA[deleteproduct-kids product successfully ]]>
  </system-out>
  <testcase classname="com.Amazon.kidsproducttest.kidsproduct6" name="updateproduct" time="0.002"/>
  <system-out>
    <![CDATA[updateproduct-kids product successfully ]]>
  </system-out>
</testsuite> <!-- com.Amazon.kidsproducttest.kidsproduct6 -->
