<?xml version="1.0" encoding="UTF-8"?>
<!-- Generated by org.testng.reporters.JUnitReportReporter -->
<testsuite hostname="ABHINAYA" failures="0" tests="3" name="com.Amazon.kidsproducttest.kidsproduct1" time="0.031" errors="0" timestamp="2024-08-08T12:32:52 IST" skipped="1">
  <testcase classname="com.Amazon.kidsproducttest.kidsproduct1" name="addproduct" time="0.005"/>
  <system-out>
    <![CDATA[addproduct-kids product-1 successfully ]]>
  </system-out>
  <testcase classname="com.Amazon.kidsproducttest.kidsproduct1" name="addproduct" time="0.026"/>
  <system-out>
    <![CDATA[addproduct-kids product-1 successfully ]]>
  </system-out>
  <testcase classname="com.Amazon.kidsproducttest.kidsproduct1" name="deleteproduct">
    <skipped/>
  </testcase> <!-- deleteproduct -->
  <system-out/>
</testsuite> <!-- com.Amazon.kidsproducttest.kidsproduct1 -->
