<?xml version="1.0" encoding="UTF-8"?>
<!-- Generated by org.testng.reporters.JUnitReportReporter -->
<testsuite hostname="ABHINAYA" failures="0" tests="4" name="com.Amazon.regestertest.RegisterTest" time="4.155" errors="0" timestamp="2024-08-09T10:49:35 IST" skipped="0">
  <testcase classname="com.Amazon.regestertest.RegisterTest" name="createUser_validData" time="4.144"/>
  <system-out>
    <![CDATA[createUser_validData for Register Test]]>
  </system-out>
  <testcase classname="com.Amazon.regestertest.RegisterTest" name="createUser_invalidData" time="0.006"/>
  <system-out>
    <![CDATA[createUser_InvalidData for Register Test]]>
  </system-out>
  <testcase classname="com.Amazon.regestertest.RegisterTest" name="createUser_invalidData" time="0.002"/>
  <system-out>
    <![CDATA[createUser_InvalidData for Register Test]]>
  </system-out>
  <testcase classname="com.Amazon.regestertest.RegisterTest" name="createUser_invalidData" time="0.003"/>
  <system-out>
    <![CDATA[createUser_InvalidData for Register Test]]>
  </system-out>
</testsuite> <!-- com.Amazon.regestertest.RegisterTest -->
