<?xml version="1.0" encoding="UTF-8"?>
<!-- Generated by org.testng.reporters.JUnitReportReporter -->
<testsuite hostname="ABHINAYA" failures="0" tests="3" name="com.Amazon.kidsproducttest.kidsproduct3Test" time="0.012" errors="0" timestamp="2024-08-23T16:35:14 IST" skipped="0">
  <testcase classname="com.Amazon.kidsproducttest.kidsproduct3Test" name="deleteproduct" time="0.003"/>
  <system-out>
    <![CDATA[deleteproduct-kids product-3 successfully ]]>
  </system-out>
  <testcase classname="com.Amazon.kidsproducttest.kidsproduct3Test" name="updateproduct" time="0.003"/>
  <system-out>
    <![CDATA[updateproduct-kids product-3 successfully ]]>
  </system-out>
  <testcase classname="com.Amazon.kidsproducttest.kidsproduct3Test" name="addproduct" time="0.006"/>
  <system-out>
    <![CDATA[addproduct-kids product-3 successfully ]]>
  </system-out>
</testsuite> <!-- com.Amazon.kidsproducttest.kidsproduct3Test -->
