<?xml version="1.0" encoding="UTF-8"?>
<!-- Generated by org.testng.reporters.JUnitReportReporter -->
<testsuite hostname="ABHINAYA" failures="0" tests="1" name="com.Amazon.regestertest.RegisterTest" time="0.783" errors="0" timestamp="2024-09-03T16:49:40 IST" skipped="0">
  <testcase classname="com.Amazon.regestertest.RegisterTest" name="createUser_validData" time="0.783"/>
  <system-out>
    <![CDATA[createUser_validData for Register Test]]>
  </system-out>
</testsuite> <!-- com.Amazon.regestertest.RegisterTest -->
