<?xml version="1.0" encoding="UTF-8"?>
<!-- Generated by org.testng.reporters.JUnitReportReporter -->
<testsuite hostname="ABHINAYA" failures="0" tests="3" name="com.Amazon.kidsproducttest.kidsproduct6Test" time="0.030" errors="0" timestamp="2024-08-23T16:35:14 IST" skipped="0">
  <testcase classname="com.Amazon.kidsproducttest.kidsproduct6Test" name="addproduct" time="0.006"/>
  <system-out>
    <![CDATA[addproduct-kids product6 successfully ]]>
  </system-out>
  <testcase classname="com.Amazon.kidsproducttest.kidsproduct6Test" name="updateproduct" time="0.019"/>
  <system-out>
    <![CDATA[updateproduct-kids product6 successfully ]]>
  </system-out>
  <testcase classname="com.Amazon.kidsproducttest.kidsproduct6Test" name="deleteproduct" time="0.005"/>
  <system-out>
    <![CDATA[deleteproduct-kids product6 successfully ]]>
  </system-out>
</testsuite> <!-- com.Amazon.kidsproducttest.kidsproduct6Test -->
