<?xml version="1.0" encoding="UTF-8"?>
<!-- Generated by org.testng.reporters.JUnitReportReporter -->
<testsuite hostname="ABHINAYA" failures="0" tests="2" name="com.Amazon.kidsproducttest.kidsproduct3" time="0.008" errors="0" timestamp="2024-08-08T12:32:52 IST" skipped="0">
  <testcase classname="com.Amazon.kidsproducttest.kidsproduct3" name="addproduct" time="0.004"/>
  <system-out>
    <![CDATA[addproduct-kids product-3 successfully ]]>
  </system-out>
  <testcase classname="com.Amazon.kidsproducttest.kidsproduct3" name="addproduct" time="0.004"/>
  <system-out>
    <![CDATA[addproduct-kids product-3 successfully ]]>
  </system-out>
</testsuite> <!-- com.Amazon.kidsproducttest.kidsproduct3 -->
