<?xml version="1.0" encoding="UTF-8"?>
<!-- Generated by org.testng.reporters.JUnitReportReporter -->
<testsuite hostname="ABHINAYA" failures="0" tests="3" name="com.Amazon.electronicsproducttest.ElectronicProductTest" time="0.003" errors="0" timestamp="2024-08-23T16:35:14 IST" skipped="0">
  <testcase classname="com.Amazon.electronicsproducttest.ElectronicProductTest" name="updateproduct" time="0.001"/>
  <system-out>
    <![CDATA[update product- electronic product successfully]]>
  </system-out>
  <testcase classname="com.Amazon.electronicsproducttest.ElectronicProductTest" name="deleteproduct" time="0.001"/>
  <system-out>
    <![CDATA[delete product- electronic product successfully]]>
  </system-out>
  <testcase classname="com.Amazon.electronicsproducttest.ElectronicProductTest" name="addproduct" time="0.001"/>
  <system-out>
    <![CDATA[add product- electronic product successfully]]>
  </system-out>
</testsuite> <!-- com.Amazon.electronicsproducttest.ElectronicProductTest -->
