<?xml version="1.0" encoding="UTF-8"?>
<!-- Generated by org.testng.reporters.JUnitReportReporter -->
<testsuite hostname="ABHINAYA" failures="0" tests="3" name="com.Amazon.kidsproducttest.kidsproduct9Test" time="0.018" errors="0" timestamp="2024-08-23T16:35:14 IST" skipped="0">
  <testcase classname="com.Amazon.kidsproducttest.kidsproduct9Test" name="addproduct" time="0.007"/>
  <system-out>
    <![CDATA[addproduct-kids product 9successfully ]]>
  </system-out>
  <testcase classname="com.Amazon.kidsproducttest.kidsproduct9Test" name="updateproduct" time="0.005"/>
  <system-out>
    <![CDATA[updateproduct-kids product9 successfully ]]>
  </system-out>
  <testcase classname="com.Amazon.kidsproducttest.kidsproduct9Test" name="deleteproduct" time="0.006"/>
  <system-out>
    <![CDATA[deleteproduct-kids product9 successfully ]]>
  </system-out>
</testsuite> <!-- com.Amazon.kidsproducttest.kidsproduct9Test -->
