<?xml version="1.0" encoding="UTF-8"?>
<!-- Generated by org.testng.reporters.JUnitReportReporter -->
<testsuite hostname="ABHINAYA" failures="0" tests="3" name="com.Amazon.kidsproducttest.kidsproduct1Test" time="0.025" errors="0" timestamp="2024-08-23T16:35:14 IST" skipped="0">
  <testcase classname="com.Amazon.kidsproducttest.kidsproduct1Test" name="addproduct" time="0.017"/>
  <system-out>
    <![CDATA[addproduct-kids product-1 successfully ]]>
  </system-out>
  <testcase classname="com.Amazon.kidsproducttest.kidsproduct1Test" name="updateproduct" time="0.004"/>
  <system-out>
    <![CDATA[updateproduct-kids product-1 successfully ]]>
  </system-out>
  <testcase classname="com.Amazon.kidsproducttest.kidsproduct1Test" name="deleteproduct" time="0.004"/>
  <system-out>
    <![CDATA[deleteproduct-kids product-1 successfully ]]>
  </system-out>
</testsuite> <!-- com.Amazon.kidsproducttest.kidsproduct1Test -->
