<?xml version="1.0" encoding="UTF-8"?>
<!-- Generated by org.testng.reporters.JUnitReportReporter -->
<testsuite hostname="ABHINAYA" failures="0" tests="2" name="com.Amazon.kidsproducttest.kidsproduct2" time="0.006" errors="0" timestamp="2024-08-08T12:32:52 IST" skipped="0">
  <testcase classname="com.Amazon.kidsproducttest.kidsproduct2" name="addproduct" time="0.003"/>
  <system-out>
    <![CDATA[addproduct-kids product-2 successfully ]]>
  </system-out>
  <testcase classname="com.Amazon.kidsproducttest.kidsproduct2" name="addproduct" time="0.003"/>
  <system-out>
    <![CDATA[addproduct-kids product-2 successfully ]]>
  </system-out>
</testsuite> <!-- com.Amazon.kidsproducttest.kidsproduct2 -->
