<?xml version="1.0" encoding="UTF-8"?>
<!-- Generated by org.testng.reporters.JUnitReportReporter -->
<testsuite hostname="ABHINAYA" failures="0" tests="3" name="com.Amazon.producttest.commonproduct" time="0.009" errors="0" timestamp="2024-08-23T16:35:14 IST" skipped="0">
  <testcase classname="com.Amazon.producttest.commonproduct" name="deleteproduct" time="0.004"/>
  <system-out>
    <![CDATA[deleteproduct-common product successfully ]]>
  </system-out>
  <testcase classname="com.Amazon.producttest.commonproduct" name="updateproduct" time="0.003"/>
  <system-out>
    <![CDATA[updateproduct-common product successfully ]]>
  </system-out>
  <testcase classname="com.Amazon.producttest.commonproduct" name="addproduct" time="0.002"/>
  <system-out>
    <![CDATA[addproduct-common product successfully ]]>
  </system-out>
</testsuite> <!-- com.Amazon.producttest.commonproduct -->
